[ 2017-04-18T00:00:08+08:00 ] 127.0.0.1 /index.php/Home/Shop/modifyNum.html?goods_id=57&after_num=2
INFO: [ app_begin ] --START--
INFO: Run Behavior\ReadHtmlCacheBehavior [ RunTime:0.001000s ]
INFO: [ app_begin ] --END-- [ RunTime:0.001000s ]
INFO: [ app_end ] --START--
INFO: Run Behavior\ShowPageTraceBehavior [ RunTime:0.000000s ]
INFO: [ app_end ] --END-- [ RunTime:0.000000s ]

[ 2017-04-18T00:00:10+08:00 ] 127.0.0.1 /index.php/Home/Shop/modifyNum.html?goods_id=57&after_num=1
INFO: [ app_begin ] --START--
INFO: Run Behavior\ReadHtmlCacheBehavior [ RunTime:0.001000s ]
INFO: [ app_begin ] --END-- [ RunTime:0.001000s ]
INFO: [ app_end ] --START--
INFO: Run Behavior\ShowPageTraceBehavior [ RunTime:0.000000s ]
INFO: [ app_end ] --END-- [ RunTime:0.001000s ]

[ 2017-04-18T00:00:16+08:00 ] 127.0.0.1 /index.php/Home/Shop/modifyNum.html?goods_id=57&after_num=2
INFO: [ app_begin ] --START--
INFO: Run Behavior\ReadHtmlCacheBehavior [ RunTime:0.000000s ]
INFO: [ app_begin ] --END-- [ RunTime:0.001000s ]
INFO: [ app_end ] --START--
INFO: Run Behavior\ShowPageTraceBehavior [ RunTime:0.001000s ]
INFO: [ app_end ] --END-- [ RunTime:0.001000s ]

[ 2017-04-18T00:00:16+08:00 ] 127.0.0.1 /index.php/Home/Shop/modifyNum.html?goods_id=57&after_num=3
INFO: [ app_begin ] --START--
INFO: Run Behavior\ReadHtmlCacheBehavior [ RunTime:0.001000s ]
INFO: [ app_begin ] --END-- [ RunTime:0.001000s ]
INFO: [ app_end ] --START--
INFO: Run Behavior\ShowPageTraceBehavior [ RunTime:0.000000s ]
INFO: [ app_end ] --END-- [ RunTime:0.000000s ]

[ 2017-04-18T00:00:17+08:00 ] 127.0.0.1 /index.php/Home/Shop/modifyNum.html?goods_id=57&after_num=4
INFO: [ app_begin ] --START--
INFO: Run Behavior\ReadHtmlCacheBehavior [ RunTime:0.000000s ]
INFO: [ app_begin ] --END-- [ RunTime:0.000000s ]
INFO: [ app_end ] --START--
INFO: Run Behavior\ShowPageTraceBehavior [ RunTime:0.000000s ]
INFO: [ app_end ] --END-- [ RunTime:0.001000s ]

[ 2017-04-18T09:51:47+08:00 ] 127.0.0.1 /index.php/Home/Shop/addCart.html?goods_id=57
INFO: [ app_begin ] --START--
INFO: Run Behavior\ReadHtmlCacheBehavior [ RunTime:0.001000s ]
INFO: [ app_begin ] --END-- [ RunTime:0.001000s ]
SQL: SHOW COLUMNS FROM `php41_goods` [ RunTime:0.0210s ]
SQL: SELECT `goods_name`,`goods_shop_price` FROM `php41_goods` WHERE `goods_id` = 57 LIMIT 1   [ RunTime:0.0010s ]
INFO: [ app_end ] --START--
INFO: Run Behavior\ShowPageTraceBehavior [ RunTime:0.001000s ]
INFO: [ app_end ] --END-- [ RunTime:0.002000s ]

[ 2017-04-18T11:43:46+08:00 ] 127.0.0.1 /index.php/Home/Shop/addCart.html?goods_id=57
INFO: [ app_begin ] --START--
INFO: Run Behavior\ReadHtmlCacheBehavior [ RunTime:0.000000s ]
INFO: [ app_begin ] --END-- [ RunTime:0.001000s ]
SQL: SHOW COLUMNS FROM `php41_goods` [ RunTime:0.0090s ]
SQL: SELECT `goods_name`,`goods_shop_price` FROM `php41_goods` WHERE `goods_id` = 57 LIMIT 1   [ RunTime:0.0000s ]
INFO: [ app_end ] --START--
INFO: Run Behavior\ShowPageTraceBehavior [ RunTime:0.000000s ]
INFO: [ app_end ] --END-- [ RunTime:0.002000s ]

[ 2017-04-18T11:44:00+08:00 ] 127.0.0.1 /index.php/Home/Shop/addCart.html?goods_id=57
INFO: [ app_begin ] --START--
INFO: Run Behavior\ReadHtmlCacheBehavior [ RunTime:0.001000s ]
INFO: [ app_begin ] --END-- [ RunTime:0.001000s ]
SQL: SHOW COLUMNS FROM `php41_goods` [ RunTime:0.0300s ]
SQL: SELECT `goods_name`,`goods_shop_price` FROM `php41_goods` WHERE `goods_id` = 57 LIMIT 1   [ RunTime:0.0000s ]
INFO: [ app_end ] --START--
INFO: Run Behavior\ShowPageTraceBehavior [ RunTime:0.000000s ]
INFO: [ app_end ] --END-- [ RunTime:0.001000s ]

[ 2017-04-18T11:44:04+08:00 ] 127.0.0.1 /index.php/Home/Shop/modifyNum.html?goods_id=57&after_num=3
INFO: [ app_begin ] --START--
INFO: Run Behavior\ReadHtmlCacheBehavior [ RunTime:0.001001s ]
INFO: [ app_begin ] --END-- [ RunTime:0.001001s ]
INFO: [ app_end ] --START--
INFO: Run Behavior\ShowPageTraceBehavior [ RunTime:0.000000s ]
INFO: [ app_end ] --END-- [ RunTime:0.000000s ]

[ 2017-04-18T13:13:29+08:00 ] 127.0.0.1 /index.php/Home/Shop/addCart.html?goods_id=57
INFO: [ app_begin ] --START--
INFO: Run Behavior\ReadHtmlCacheBehavior [ RunTime:0.001000s ]
INFO: [ app_begin ] --END-- [ RunTime:0.001000s ]
SQL: SHOW COLUMNS FROM `php41_goods` [ RunTime:0.0050s ]
SQL: SELECT `goods_name`,`goods_shop_price` FROM `php41_goods` WHERE `goods_id` = 57 LIMIT 1   [ RunTime:0.0000s ]
INFO: [ app_end ] --START--
INFO: Run Behavior\ShowPageTraceBehavior [ RunTime:0.001000s ]
INFO: [ app_end ] --END-- [ RunTime:0.001000s ]

[ 2017-04-18T13:13:35+08:00 ] 127.0.0.1 /index.php/Home/Shop/addCart.html?goods_id=57
INFO: [ app_begin ] --START--
INFO: Run Behavior\ReadHtmlCacheBehavior [ RunTime:0.000000s ]
INFO: [ app_begin ] --END-- [ RunTime:0.001000s ]
SQL: SHOW COLUMNS FROM `php41_goods` [ RunTime:0.0080s ]
SQL: SELECT `goods_name`,`goods_shop_price` FROM `php41_goods` WHERE `goods_id` = 57 LIMIT 1   [ RunTime:0.0000s ]
INFO: [ app_end ] --START--
INFO: Run Behavior\ShowPageTraceBehavior [ RunTime:0.001000s ]
INFO: [ app_end ] --END-- [ RunTime:0.001000s ]

[ 2017-04-18T13:38:19+08:00 ] 127.0.0.1 /index.php/Home/Shop/addCart.html?goods_id=57
INFO: [ app_begin ] --START--
INFO: Run Behavior\ReadHtmlCacheBehavior [ RunTime:0.000000s ]
INFO: [ app_begin ] --END-- [ RunTime:0.001000s ]
SQL: SHOW COLUMNS FROM `php41_goods` [ RunTime:0.0260s ]
SQL: SELECT `goods_name`,`goods_shop_price` FROM `php41_goods` WHERE `goods_id` = 57 LIMIT 1   [ RunTime:0.0000s ]
INFO: [ app_end ] --START--
INFO: Run Behavior\ShowPageTraceBehavior [ RunTime:0.000000s ]
INFO: [ app_end ] --END-- [ RunTime:0.000000s ]

[ 2017-04-18T13:41:32+08:00 ] 127.0.0.1 /index.php/Home/Shop/addCart.html?goods_id=45
INFO: [ app_begin ] --START--
INFO: Run Behavior\ReadHtmlCacheBehavior [ RunTime:0.000000s ]
INFO: [ app_begin ] --END-- [ RunTime:0.000000s ]
SQL: SHOW COLUMNS FROM `php41_goods` [ RunTime:0.0030s ]
SQL: SELECT `goods_name`,`goods_shop_price` FROM `php41_goods` WHERE `goods_id` = 45 LIMIT 1   [ RunTime:0.0000s ]
INFO: [ app_end ] --START--
INFO: Run Behavior\ShowPageTraceBehavior [ RunTime:0.001001s ]
INFO: [ app_end ] --END-- [ RunTime:0.001001s ]

[ 2017-04-18T13:56:42+08:00 ] 127.0.0.1 /index.php/Home/Shop/addCart.html?goods_id=45
INFO: [ app_begin ] --START--
INFO: Run Behavior\ReadHtmlCacheBehavior [ RunTime:0.000000s ]
INFO: [ app_begin ] --END-- [ RunTime:0.001000s ]
SQL: SHOW COLUMNS FROM `php41_goods` [ RunTime:0.0080s ]
SQL: SELECT `goods_name`,`goods_shop_price` FROM `php41_goods` WHERE `goods_id` = 45 LIMIT 1   [ RunTime:0.0010s ]
INFO: [ app_end ] --START--
INFO: Run Behavior\ShowPageTraceBehavior [ RunTime:0.001000s ]
INFO: [ app_end ] --END-- [ RunTime:0.001000s ]

[ 2017-04-18T13:59:59+08:00 ] 127.0.0.1 /index.php/Home/Shop/addCart.html?goods_id=45
INFO: [ app_begin ] --START--
INFO: Run Behavior\ReadHtmlCacheBehavior [ RunTime:0.001000s ]
INFO: [ app_begin ] --END-- [ RunTime:0.001000s ]
SQL: SHOW COLUMNS FROM `php41_goods` [ RunTime:0.0040s ]
SQL: SELECT `goods_name`,`goods_shop_price` FROM `php41_goods` WHERE `goods_id` = 45 LIMIT 1   [ RunTime:0.0000s ]
INFO: [ app_end ] --START--
INFO: Run Behavior\ShowPageTraceBehavior [ RunTime:0.001000s ]
INFO: [ app_end ] --END-- [ RunTime:0.001000s ]

[ 2017-04-18T14:00:00+08:00 ] 127.0.0.1 /index.php/Home/Shop/addCart.html?goods_id=45
INFO: [ app_begin ] --START--
INFO: Run Behavior\ReadHtmlCacheBehavior [ RunTime:0.000000s ]
INFO: [ app_begin ] --END-- [ RunTime:0.001000s ]
SQL: SHOW COLUMNS FROM `php41_goods` [ RunTime:0.0050s ]
SQL: SELECT `goods_name`,`goods_shop_price` FROM `php41_goods` WHERE `goods_id` = 45 LIMIT 1   [ RunTime:0.0010s ]
INFO: [ app_end ] --START--
INFO: Run Behavior\ShowPageTraceBehavior [ RunTime:0.001000s ]
INFO: [ app_end ] --END-- [ RunTime:0.001000s ]

[ 2017-04-18T14:16:56+08:00 ] 127.0.0.1 /index.php/Home/Shop/addCart.html?goods_id=41
INFO: [ app_begin ] --START--
INFO: Run Behavior\ReadHtmlCacheBehavior [ RunTime:0.000000s ]
INFO: [ app_begin ] --END-- [ RunTime:0.001000s ]
SQL: SHOW COLUMNS FROM `php41_goods` [ RunTime:0.0040s ]
SQL: SELECT `goods_name`,`goods_shop_price` FROM `php41_goods` WHERE `goods_id` = 41 LIMIT 1   [ RunTime:0.0010s ]
INFO: [ app_end ] --START--
INFO: Run Behavior\ShowPageTraceBehavior [ RunTime:0.000000s ]
INFO: [ app_end ] --END-- [ RunTime:0.000000s ]

[ 2017-04-18T14:50:49+08:00 ] 127.0.0.1 /index.php/Home/Shop/addCart.html?goods_id=39
INFO: [ app_begin ] --START--
INFO: Run Behavior\ReadHtmlCacheBehavior [ RunTime:0.000000s ]
INFO: [ app_begin ] --END-- [ RunTime:0.001000s ]
SQL: SHOW COLUMNS FROM `php41_goods` [ RunTime:0.0070s ]
SQL: SELECT `goods_name`,`goods_shop_price` FROM `php41_goods` WHERE `goods_id` = 39 LIMIT 1   [ RunTime:0.0000s ]
INFO: [ app_end ] --START--
INFO: Run Behavior\ShowPageTraceBehavior [ RunTime:0.000000s ]
INFO: [ app_end ] --END-- [ RunTime:0.000000s ]

[ 2017-04-18T14:58:10+08:00 ] 127.0.0.1 /index.php/Home/Shop/addCart.html?goods_id=48
INFO: [ app_begin ] --START--
INFO: Run Behavior\ReadHtmlCacheBehavior [ RunTime:0.000000s ]
INFO: [ app_begin ] --END-- [ RunTime:0.001000s ]
SQL: SHOW COLUMNS FROM `php41_goods` [ RunTime:0.0050s ]
SQL: SELECT `goods_name`,`goods_shop_price` FROM `php41_goods` WHERE `goods_id` = 48 LIMIT 1   [ RunTime:0.0000s ]
INFO: [ app_end ] --START--
INFO: Run Behavior\ShowPageTraceBehavior [ RunTime:0.000000s ]
INFO: [ app_end ] --END-- [ RunTime:0.000000s ]

[ 2017-04-18T15:11:35+08:00 ] 127.0.0.1 /index.php/Home/Shop/addCart.html?goods_id=49
INFO: [ app_begin ] --START--
INFO: Run Behavior\ReadHtmlCacheBehavior [ RunTime:0.001000s ]
INFO: [ app_begin ] --END-- [ RunTime:0.001000s ]
SQL: SHOW COLUMNS FROM `php41_goods` [ RunTime:0.0120s ]
SQL: SELECT `goods_name`,`goods_shop_price` FROM `php41_goods` WHERE `goods_id` = 49 LIMIT 1   [ RunTime:0.0010s ]
INFO: [ app_end ] --START--
INFO: Run Behavior\ShowPageTraceBehavior [ RunTime:0.001000s ]
INFO: [ app_end ] --END-- [ RunTime:0.001000s ]

[ 2017-04-18T16:43:30+08:00 ] 127.0.0.1 /index.php/Home/Shop/addCart.html?goods_id=48
INFO: [ app_begin ] --START--
INFO: Run Behavior\ReadHtmlCacheBehavior [ RunTime:0.001000s ]
INFO: [ app_begin ] --END-- [ RunTime:0.001000s ]
SQL: SHOW COLUMNS FROM `php41_goods` [ RunTime:0.0080s ]
SQL: SELECT `goods_name`,`goods_shop_price` FROM `php41_goods` WHERE `goods_id` = 48 LIMIT 1   [ RunTime:0.0010s ]
INFO: [ app_end ] --START--
INFO: Run Behavior\ShowPageTraceBehavior [ RunTime:0.000000s ]
INFO: [ app_end ] --END-- [ RunTime:0.001000s ]

[ 2017-04-18T17:46:50+08:00 ] 127.0.0.1 /index.php/Home/Shop/addCart.html?goods_id=48
INFO: [ app_begin ] --START--
INFO: Run Behavior\ReadHtmlCacheBehavior [ RunTime:0.000000s ]
INFO: [ app_begin ] --END-- [ RunTime:0.000000s ]
SQL: SHOW COLUMNS FROM `php41_goods` [ RunTime:0.0060s ]
SQL: SELECT `goods_name`,`goods_shop_price` FROM `php41_goods` WHERE `goods_id` = 48 LIMIT 1   [ RunTime:0.0000s ]
INFO: [ app_end ] --START--
INFO: Run Behavior\ShowPageTraceBehavior [ RunTime:0.000000s ]
INFO: [ app_end ] --END-- [ RunTime:0.000000s ]

[ 2017-04-18T20:32:12+08:00 ] 127.0.0.1 /index.php/Home/Shop/addCart.html?goods_id=48
INFO: [ app_begin ] --START--
INFO: Run Behavior\ReadHtmlCacheBehavior [ RunTime:0.000000s ]
INFO: [ app_begin ] --END-- [ RunTime:0.001000s ]
SQL: SHOW COLUMNS FROM `php41_goods` [ RunTime:0.0040s ]
SQL: SELECT `goods_name`,`goods_shop_price` FROM `php41_goods` WHERE `goods_id` = 48 LIMIT 1   [ RunTime:0.0010s ]
INFO: [ app_end ] --START--
INFO: Run Behavior\ShowPageTraceBehavior [ RunTime:0.001000s ]
INFO: [ app_end ] --END-- [ RunTime:0.001000s ]

[ 2017-04-18T20:38:18+08:00 ] 127.0.0.1 /index.php/Home/Shop/addCart.html?goods_id=39
INFO: [ app_begin ] --START--
INFO: Run Behavior\ReadHtmlCacheBehavior [ RunTime:0.001000s ]
INFO: [ app_begin ] --END-- [ RunTime:0.001000s ]
SQL: SHOW COLUMNS FROM `php41_goods` [ RunTime:0.0060s ]
SQL: SELECT `goods_name`,`goods_shop_price` FROM `php41_goods` WHERE `goods_id` = 39 LIMIT 1   [ RunTime:0.0000s ]
INFO: [ app_end ] --START--
INFO: Run Behavior\ShowPageTraceBehavior [ RunTime:0.001001s ]
INFO: [ app_end ] --END-- [ RunTime:0.001001s ]

[ 2017-04-18T20:41:18+08:00 ] 127.0.0.1 /index.php/Home/Shop/addCart.html?goods_id=42
INFO: [ app_begin ] --START--
INFO: Run Behavior\ReadHtmlCacheBehavior [ RunTime:0.000000s ]
INFO: [ app_begin ] --END-- [ RunTime:0.001000s ]
SQL: SHOW COLUMNS FROM `php41_goods` [ RunTime:0.0050s ]
SQL: SELECT `goods_name`,`goods_shop_price` FROM `php41_goods` WHERE `goods_id` = 42 LIMIT 1   [ RunTime:0.0000s ]
INFO: [ app_end ] --START--
INFO: Run Behavior\ShowPageTraceBehavior [ RunTime:0.001000s ]
INFO: [ app_end ] --END-- [ RunTime:0.001000s ]

[ 2017-04-18T23:15:30+08:00 ] 127.0.0.1 /index.php/Home/Shop/addCart.html?goods_id=43
INFO: [ app_begin ] --START--
INFO: Run Behavior\ReadHtmlCacheBehavior [ RunTime:0.000000s ]
INFO: [ app_begin ] --END-- [ RunTime:0.001001s ]
SQL: SHOW COLUMNS FROM `php41_goods` [ RunTime:0.0050s ]
SQL: SELECT `goods_name`,`goods_shop_price` FROM `php41_goods` WHERE `goods_id` = 43 LIMIT 1   [ RunTime:0.0010s ]
INFO: [ app_end ] --START--
INFO: Run Behavior\ShowPageTraceBehavior [ RunTime:0.000000s ]
INFO: [ app_end ] --END-- [ RunTime:0.000000s ]

