[ 2017-04-19T01:12:22+08:00 ] 127.0.0.1 /index.php/Home/Comment/sendComment.html
INFO: [ app_begin ] --START--
INFO: Run Behavior\ReadHtmlCacheBehavior [ RunTime:0.000000s ]
INFO: [ app_begin ] --END-- [ RunTime:0.001000s ]
SQL: SHOW COLUMNS FROM `php41_category` [ RunTime:0.0070s ]
SQL: SELECT * FROM `php41_category` WHERE `cat_level` = 0  [ RunTime:0.0000s ]
SQL: SELECT * FROM `php41_category` WHERE `cat_level` = 1  [ RunTime:0.0000s ]
SQL: SELECT * FROM `php41_category` WHERE `cat_level` = 2  [ RunTime:0.0000s ]

[ 2017-04-19T01:12:28+08:00 ] 127.0.0.1 /index.php/Home/Comment/sendComment.html
INFO: [ app_begin ] --START--
INFO: Run Behavior\ReadHtmlCacheBehavior [ RunTime:0.001000s ]
INFO: [ app_begin ] --END-- [ RunTime:0.001000s ]
SQL: SHOW COLUMNS FROM `php41_category` [ RunTime:0.0030s ]
SQL: SELECT * FROM `php41_category` WHERE `cat_level` = 0  [ RunTime:0.0000s ]
SQL: SELECT * FROM `php41_category` WHERE `cat_level` = 1  [ RunTime:0.0000s ]
SQL: SELECT * FROM `php41_category` WHERE `cat_level` = 2  [ RunTime:0.0000s ]

[ 2017-04-19T01:12:29+08:00 ] 127.0.0.1 /index.php/Home/Comment/sendComment.html
INFO: [ app_begin ] --START--
INFO: Run Behavior\ReadHtmlCacheBehavior [ RunTime:0.000000s ]
INFO: [ app_begin ] --END-- [ RunTime:0.000000s ]
SQL: SHOW COLUMNS FROM `php41_category` [ RunTime:0.0050s ]
SQL: SELECT * FROM `php41_category` WHERE `cat_level` = 0  [ RunTime:0.0000s ]
SQL: SELECT * FROM `php41_category` WHERE `cat_level` = 1  [ RunTime:0.0000s ]
SQL: SELECT * FROM `php41_category` WHERE `cat_level` = 2  [ RunTime:0.0000s ]

[ 2017-04-19T01:12:32+08:00 ] 127.0.0.1 /index.php/Home/Comment/sendComment.html
INFO: [ app_begin ] --START--
INFO: Run Behavior\ReadHtmlCacheBehavior [ RunTime:0.001000s ]
INFO: [ app_begin ] --END-- [ RunTime:0.001000s ]
SQL: SHOW COLUMNS FROM `php41_category` [ RunTime:0.0050s ]
SQL: SELECT * FROM `php41_category` WHERE `cat_level` = 0  [ RunTime:0.0000s ]
SQL: SELECT * FROM `php41_category` WHERE `cat_level` = 1  [ RunTime:0.0000s ]
SQL: SELECT * FROM `php41_category` WHERE `cat_level` = 2  [ RunTime:0.0000s ]

[ 2017-04-19T01:12:38+08:00 ] 127.0.0.1 /index.php/Home/Comment/sendComment.html
INFO: [ app_begin ] --START--
INFO: Run Behavior\ReadHtmlCacheBehavior [ RunTime:0.000000s ]
INFO: [ app_begin ] --END-- [ RunTime:0.000000s ]
SQL: SHOW COLUMNS FROM `php41_category` [ RunTime:0.0040s ]
SQL: SELECT * FROM `php41_category` WHERE `cat_level` = 0  [ RunTime:0.0000s ]
SQL: SELECT * FROM `php41_category` WHERE `cat_level` = 1  [ RunTime:0.0010s ]
SQL: SELECT * FROM `php41_category` WHERE `cat_level` = 2  [ RunTime:0.0000s ]

[ 2017-04-19T01:12:58+08:00 ] 127.0.0.1 /index.php/Home/Comment/sendComment.html
INFO: [ app_begin ] --START--
INFO: Run Behavior\ReadHtmlCacheBehavior [ RunTime:0.001000s ]
INFO: [ app_begin ] --END-- [ RunTime:0.001000s ]
SQL: SHOW COLUMNS FROM `php41_category` [ RunTime:0.0070s ]
SQL: SELECT * FROM `php41_category` WHERE `cat_level` = 0  [ RunTime:0.0010s ]
SQL: SELECT * FROM `php41_category` WHERE `cat_level` = 1  [ RunTime:0.0010s ]
SQL: SELECT * FROM `php41_category` WHERE `cat_level` = 2  [ RunTime:0.0010s ]

[ 2017-04-19T10:40:55+08:00 ] 127.0.0.1 /index.php/Home/Comment/sendComment.html
INFO: [ app_begin ] --START--
INFO: Run Behavior\ReadHtmlCacheBehavior [ RunTime:0.021002s ]
INFO: [ app_begin ] --END-- [ RunTime:0.022002s ]
SQL: SHOW COLUMNS FROM `php41_category` [ RunTime:0.0390s ]
SQL: SELECT * FROM `php41_category` WHERE `cat_level` = 0  [ RunTime:0.0150s ]
SQL: SELECT * FROM `php41_category` WHERE `cat_level` = 1  [ RunTime:0.0010s ]
SQL: SELECT * FROM `php41_category` WHERE `cat_level` = 2  [ RunTime:0.0000s ]

[ 2017-04-19T10:41:05+08:00 ] 127.0.0.1 /
ERR: 系统不支持:memcache

[ 2017-04-19T10:41:17+08:00 ] 127.0.0.1 /index.php/Home/Comment/sendComment.html
INFO: [ app_begin ] --START--
INFO: Run Behavior\ReadHtmlCacheBehavior [ RunTime:0.001000s ]
INFO: [ app_begin ] --END-- [ RunTime:0.001000s ]
SQL: SHOW COLUMNS FROM `php41_category` [ RunTime:0.0030s ]
SQL: SELECT * FROM `php41_category` WHERE `cat_level` = 0  [ RunTime:0.0010s ]
SQL: SELECT * FROM `php41_category` WHERE `cat_level` = 1  [ RunTime:0.0000s ]
SQL: SELECT * FROM `php41_category` WHERE `cat_level` = 2  [ RunTime:0.0000s ]

[ 2017-04-19T10:46:36+08:00 ] 127.0.0.1 /index.php/Home/Comment/sendComment.html
INFO: [ app_begin ] --START--
INFO: Run Behavior\ReadHtmlCacheBehavior [ RunTime:0.001000s ]
INFO: [ app_begin ] --END-- [ RunTime:0.001000s ]
SQL: SHOW COLUMNS FROM `php41_category` [ RunTime:0.0050s ]
SQL: SELECT * FROM `php41_category` WHERE `cat_level` = 0  [ RunTime:0.0000s ]
SQL: SELECT * FROM `php41_category` WHERE `cat_level` = 1  [ RunTime:0.0000s ]
SQL: SELECT * FROM `php41_category` WHERE `cat_level` = 2  [ RunTime:0.0000s ]

[ 2017-04-19T10:46:38+08:00 ] 127.0.0.1 /index.php/Home/Comment/sendComment.html
INFO: [ app_begin ] --START--
INFO: Run Behavior\ReadHtmlCacheBehavior [ RunTime:0.001000s ]
INFO: [ app_begin ] --END-- [ RunTime:0.001000s ]
SQL: SHOW COLUMNS FROM `php41_category` [ RunTime:0.0060s ]
SQL: SELECT * FROM `php41_category` WHERE `cat_level` = 0  [ RunTime:0.0010s ]
SQL: SELECT * FROM `php41_category` WHERE `cat_level` = 1  [ RunTime:0.0000s ]
SQL: SELECT * FROM `php41_category` WHERE `cat_level` = 2  [ RunTime:0.0000s ]

[ 2017-04-19T10:48:04+08:00 ] 127.0.0.1 /
ERR: 系统不支持:memcache

[ 2017-04-19T10:48:40+08:00 ] 127.0.0.1 /index.php/Home/Index/index.html
ERR: 系统不支持:memcache

[ 2017-04-19T10:48:43+08:00 ] 127.0.0.1 /
ERR: 系统不支持:memcache

[ 2017-04-19T10:48:50+08:00 ] 127.0.0.1 /
ERR: 系统不支持:memcache

[ 2017-04-19T10:50:09+08:00 ] 127.0.0.1 /index.php/Home/Comment/sendComment.html
INFO: [ app_begin ] --START--
INFO: Run Behavior\ReadHtmlCacheBehavior [ RunTime:0.000000s ]
INFO: [ app_begin ] --END-- [ RunTime:0.001000s ]
SQL: SHOW COLUMNS FROM `php41_category` [ RunTime:0.0060s ]
SQL: SELECT * FROM `php41_category` WHERE `cat_level` = 0  [ RunTime:0.0000s ]
SQL: SELECT * FROM `php41_category` WHERE `cat_level` = 1  [ RunTime:0.0010s ]
SQL: SELECT * FROM `php41_category` WHERE `cat_level` = 2  [ RunTime:0.0000s ]

[ 2017-04-19T10:50:11+08:00 ] 127.0.0.1 /index.php/Home/Comment/sendComment.html
INFO: [ app_begin ] --START--
INFO: Run Behavior\ReadHtmlCacheBehavior [ RunTime:0.000000s ]
INFO: [ app_begin ] --END-- [ RunTime:0.002000s ]
SQL: SHOW COLUMNS FROM `php41_category` [ RunTime:0.0050s ]
SQL: SELECT * FROM `php41_category` WHERE `cat_level` = 0  [ RunTime:0.0000s ]
SQL: SELECT * FROM `php41_category` WHERE `cat_level` = 1  [ RunTime:0.0000s ]
SQL: SELECT * FROM `php41_category` WHERE `cat_level` = 2  [ RunTime:0.0000s ]

[ 2017-04-19T10:50:12+08:00 ] 127.0.0.1 /index.php/Home/Comment/sendComment.html
INFO: [ app_begin ] --START--
INFO: Run Behavior\ReadHtmlCacheBehavior [ RunTime:0.001000s ]
INFO: [ app_begin ] --END-- [ RunTime:0.001000s ]
SQL: SHOW COLUMNS FROM `php41_category` [ RunTime:0.0040s ]
SQL: SELECT * FROM `php41_category` WHERE `cat_level` = 0  [ RunTime:0.0000s ]
SQL: SELECT * FROM `php41_category` WHERE `cat_level` = 1  [ RunTime:0.0000s ]
SQL: SELECT * FROM `php41_category` WHERE `cat_level` = 2  [ RunTime:0.0010s ]

[ 2017-04-19T10:50:14+08:00 ] 127.0.0.1 /index.php/Home/Comment/sendComment.html
INFO: [ app_begin ] --START--
INFO: Run Behavior\ReadHtmlCacheBehavior [ RunTime:0.001000s ]
INFO: [ app_begin ] --END-- [ RunTime:0.002000s ]
SQL: SHOW COLUMNS FROM `php41_category` [ RunTime:0.0230s ]
SQL: SELECT * FROM `php41_category` WHERE `cat_level` = 0  [ RunTime:0.0010s ]
SQL: SELECT * FROM `php41_category` WHERE `cat_level` = 1  [ RunTime:0.0010s ]
SQL: SELECT * FROM `php41_category` WHERE `cat_level` = 2  [ RunTime:0.0010s ]

[ 2017-04-19T10:50:15+08:00 ] 127.0.0.1 /index.php/Home/Comment/sendComment.html
INFO: [ app_begin ] --START--
INFO: Run Behavior\ReadHtmlCacheBehavior [ RunTime:0.001001s ]
INFO: [ app_begin ] --END-- [ RunTime:0.002001s ]
SQL: SHOW COLUMNS FROM `php41_category` [ RunTime:0.0050s ]
SQL: SELECT * FROM `php41_category` WHERE `cat_level` = 0  [ RunTime:0.0000s ]
SQL: SELECT * FROM `php41_category` WHERE `cat_level` = 1  [ RunTime:0.0000s ]
SQL: SELECT * FROM `php41_category` WHERE `cat_level` = 2  [ RunTime:0.0000s ]

[ 2017-04-19T10:50:16+08:00 ] 127.0.0.1 /index.php/Home/Comment/sendComment.html
INFO: [ app_begin ] --START--
INFO: Run Behavior\ReadHtmlCacheBehavior [ RunTime:0.000000s ]
INFO: [ app_begin ] --END-- [ RunTime:0.001000s ]
SQL: SHOW COLUMNS FROM `php41_category` [ RunTime:0.0040s ]
SQL: SELECT * FROM `php41_category` WHERE `cat_level` = 0  [ RunTime:0.0000s ]
SQL: SELECT * FROM `php41_category` WHERE `cat_level` = 1  [ RunTime:0.0000s ]
SQL: SELECT * FROM `php41_category` WHERE `cat_level` = 2  [ RunTime:0.0000s ]

[ 2017-04-19T10:50:17+08:00 ] 127.0.0.1 /index.php/Home/Comment/sendComment.html
INFO: [ app_begin ] --START--
INFO: Run Behavior\ReadHtmlCacheBehavior [ RunTime:0.000000s ]
INFO: [ app_begin ] --END-- [ RunTime:0.001000s ]
SQL: SHOW COLUMNS FROM `php41_category` [ RunTime:0.0050s ]
SQL: SELECT * FROM `php41_category` WHERE `cat_level` = 0  [ RunTime:0.0010s ]
SQL: SELECT * FROM `php41_category` WHERE `cat_level` = 1  [ RunTime:0.0010s ]
SQL: SELECT * FROM `php41_category` WHERE `cat_level` = 2  [ RunTime:0.0000s ]

[ 2017-04-19T10:50:18+08:00 ] 127.0.0.1 /index.php/Home/Comment/sendComment.html
INFO: [ app_begin ] --START--
INFO: Run Behavior\ReadHtmlCacheBehavior [ RunTime:0.001000s ]
INFO: [ app_begin ] --END-- [ RunTime:0.001000s ]
SQL: SHOW COLUMNS FROM `php41_category` [ RunTime:0.0060s ]
SQL: SELECT * FROM `php41_category` WHERE `cat_level` = 0  [ RunTime:0.0000s ]
SQL: SELECT * FROM `php41_category` WHERE `cat_level` = 1  [ RunTime:0.0000s ]
SQL: SELECT * FROM `php41_category` WHERE `cat_level` = 2  [ RunTime:0.0000s ]

[ 2017-04-19T10:50:19+08:00 ] 127.0.0.1 /index.php/Home/Comment/sendComment.html
INFO: [ app_begin ] --START--
INFO: Run Behavior\ReadHtmlCacheBehavior [ RunTime:0.000000s ]
INFO: [ app_begin ] --END-- [ RunTime:0.001000s ]
SQL: SHOW COLUMNS FROM `php41_category` [ RunTime:0.0040s ]
SQL: SELECT * FROM `php41_category` WHERE `cat_level` = 0  [ RunTime:0.0010s ]
SQL: SELECT * FROM `php41_category` WHERE `cat_level` = 1  [ RunTime:0.0000s ]
SQL: SELECT * FROM `php41_category` WHERE `cat_level` = 2  [ RunTime:0.0000s ]

[ 2017-04-19T10:50:20+08:00 ] 127.0.0.1 /index.php/Home/Comment/sendComment.html
INFO: [ app_begin ] --START--
INFO: Run Behavior\ReadHtmlCacheBehavior [ RunTime:0.001000s ]
INFO: [ app_begin ] --END-- [ RunTime:0.002000s ]
SQL: SHOW COLUMNS FROM `php41_category` [ RunTime:0.0050s ]
SQL: SELECT * FROM `php41_category` WHERE `cat_level` = 0  [ RunTime:0.0000s ]
SQL: SELECT * FROM `php41_category` WHERE `cat_level` = 1  [ RunTime:0.0010s ]
SQL: SELECT * FROM `php41_category` WHERE `cat_level` = 2  [ RunTime:0.0020s ]

[ 2017-04-19T10:50:21+08:00 ] 127.0.0.1 /index.php/Home/Comment/sendComment.html
INFO: [ app_begin ] --START--
INFO: Run Behavior\ReadHtmlCacheBehavior [ RunTime:0.001000s ]
INFO: [ app_begin ] --END-- [ RunTime:0.001000s ]
SQL: SHOW COLUMNS FROM `php41_category` [ RunTime:0.0040s ]
SQL: SELECT * FROM `php41_category` WHERE `cat_level` = 0  [ RunTime:0.0000s ]
SQL: SELECT * FROM `php41_category` WHERE `cat_level` = 1  [ RunTime:0.0010s ]
SQL: SELECT * FROM `php41_category` WHERE `cat_level` = 2  [ RunTime:0.0000s ]

[ 2017-04-19T10:50:22+08:00 ] 127.0.0.1 /index.php/Home/Comment/sendComment.html
INFO: [ app_begin ] --START--
INFO: Run Behavior\ReadHtmlCacheBehavior [ RunTime:0.001000s ]
INFO: [ app_begin ] --END-- [ RunTime:0.001000s ]
SQL: SHOW COLUMNS FROM `php41_category` [ RunTime:0.0050s ]
SQL: SELECT * FROM `php41_category` WHERE `cat_level` = 0  [ RunTime:0.0000s ]
SQL: SELECT * FROM `php41_category` WHERE `cat_level` = 1  [ RunTime:0.0000s ]
SQL: SELECT * FROM `php41_category` WHERE `cat_level` = 2  [ RunTime:0.0000s ]

[ 2017-04-19T10:50:23+08:00 ] 127.0.0.1 /index.php/Home/Comment/sendComment.html
INFO: [ app_begin ] --START--
INFO: Run Behavior\ReadHtmlCacheBehavior [ RunTime:0.001000s ]
INFO: [ app_begin ] --END-- [ RunTime:0.001000s ]
SQL: SHOW COLUMNS FROM `php41_category` [ RunTime:0.0040s ]
SQL: SELECT * FROM `php41_category` WHERE `cat_level` = 0  [ RunTime:0.0000s ]
SQL: SELECT * FROM `php41_category` WHERE `cat_level` = 1  [ RunTime:0.0000s ]
SQL: SELECT * FROM `php41_category` WHERE `cat_level` = 2  [ RunTime:0.0000s ]

[ 2017-04-19T10:59:51+08:00 ] 127.0.0.1 /index.php/Home/Comment/sendComment.html
INFO: [ app_begin ] --START--
INFO: Run Behavior\ReadHtmlCacheBehavior [ RunTime:0.001000s ]
INFO: [ app_begin ] --END-- [ RunTime:0.001000s ]
SQL: SHOW COLUMNS FROM `php41_category` [ RunTime:0.0060s ]
SQL: SELECT * FROM `php41_category` WHERE `cat_level` = 0  [ RunTime:0.0000s ]
SQL: SELECT * FROM `php41_category` WHERE `cat_level` = 1  [ RunTime:0.0010s ]
SQL: SELECT * FROM `php41_category` WHERE `cat_level` = 2  [ RunTime:0.0000s ]

[ 2017-04-19T10:59:54+08:00 ] 127.0.0.1 /index.php/Home/Comment/sendComment.html
INFO: [ app_begin ] --START--
INFO: Run Behavior\ReadHtmlCacheBehavior [ RunTime:0.000000s ]
INFO: [ app_begin ] --END-- [ RunTime:0.001000s ]
SQL: SHOW COLUMNS FROM `php41_category` [ RunTime:0.0040s ]
SQL: SELECT * FROM `php41_category` WHERE `cat_level` = 0  [ RunTime:0.0000s ]
SQL: SELECT * FROM `php41_category` WHERE `cat_level` = 1  [ RunTime:0.0010s ]
SQL: SELECT * FROM `php41_category` WHERE `cat_level` = 2  [ RunTime:0.0000s ]

[ 2017-04-19T10:59:56+08:00 ] 127.0.0.1 /index.php/Home/Comment/sendComment.html
INFO: [ app_begin ] --START--
INFO: Run Behavior\ReadHtmlCacheBehavior [ RunTime:0.001000s ]
INFO: [ app_begin ] --END-- [ RunTime:0.001000s ]
SQL: SHOW COLUMNS FROM `php41_category` [ RunTime:0.0040s ]
SQL: SELECT * FROM `php41_category` WHERE `cat_level` = 0  [ RunTime:0.0000s ]
SQL: SELECT * FROM `php41_category` WHERE `cat_level` = 1  [ RunTime:0.0000s ]
SQL: SELECT * FROM `php41_category` WHERE `cat_level` = 2  [ RunTime:0.0000s ]

[ 2017-04-19T11:01:55+08:00 ] 127.0.0.1 /index.php/Home/Comment/sendComment.html
INFO: [ app_begin ] --START--
INFO: Run Behavior\ReadHtmlCacheBehavior [ RunTime:0.001000s ]
INFO: [ app_begin ] --END-- [ RunTime:0.002000s ]
SQL: SHOW COLUMNS FROM `php41_category` [ RunTime:0.0050s ]
SQL: SELECT * FROM `php41_category` WHERE `cat_level` = 0  [ RunTime:0.0010s ]
SQL: SELECT * FROM `php41_category` WHERE `cat_level` = 1  [ RunTime:0.0000s ]
SQL: SELECT * FROM `php41_category` WHERE `cat_level` = 2  [ RunTime:0.0000s ]

[ 2017-04-19T11:01:58+08:00 ] 127.0.0.1 /index.php/Home/Comment/sendComment.html
INFO: [ app_begin ] --START--
INFO: Run Behavior\ReadHtmlCacheBehavior [ RunTime:0.001000s ]
INFO: [ app_begin ] --END-- [ RunTime:0.001000s ]
SQL: SHOW COLUMNS FROM `php41_category` [ RunTime:0.0040s ]
SQL: SELECT * FROM `php41_category` WHERE `cat_level` = 0  [ RunTime:0.0010s ]
SQL: SELECT * FROM `php41_category` WHERE `cat_level` = 1  [ RunTime:0.0000s ]
SQL: SELECT * FROM `php41_category` WHERE `cat_level` = 2  [ RunTime:0.0000s ]

[ 2017-04-19T11:01:59+08:00 ] 127.0.0.1 /index.php/Home/Comment/sendComment.html
INFO: [ app_begin ] --START--
INFO: Run Behavior\ReadHtmlCacheBehavior [ RunTime:0.000000s ]
INFO: [ app_begin ] --END-- [ RunTime:0.001000s ]
SQL: SHOW COLUMNS FROM `php41_category` [ RunTime:0.0040s ]
SQL: SELECT * FROM `php41_category` WHERE `cat_level` = 0  [ RunTime:0.0000s ]
SQL: SELECT * FROM `php41_category` WHERE `cat_level` = 1  [ RunTime:0.0010s ]
SQL: SELECT * FROM `php41_category` WHERE `cat_level` = 2  [ RunTime:0.0000s ]

[ 2017-04-19T11:02:52+08:00 ] 127.0.0.1 /index.php/Home/Comment/sendComment.html
INFO: [ app_begin ] --START--
INFO: Run Behavior\ReadHtmlCacheBehavior [ RunTime:0.001000s ]
INFO: [ app_begin ] --END-- [ RunTime:0.001000s ]
SQL: SHOW COLUMNS FROM `php41_category` [ RunTime:0.0030s ]
SQL: SELECT * FROM `php41_category` WHERE `cat_level` = 0  [ RunTime:0.0010s ]
SQL: SELECT * FROM `php41_category` WHERE `cat_level` = 1  [ RunTime:0.0000s ]
SQL: SELECT * FROM `php41_category` WHERE `cat_level` = 2  [ RunTime:0.0000s ]

[ 2017-04-19T11:03:40+08:00 ] 127.0.0.1 /index.php/Home/Comment/sendComment.html
INFO: [ app_begin ] --START--
INFO: Run Behavior\ReadHtmlCacheBehavior [ RunTime:0.001000s ]
INFO: [ app_begin ] --END-- [ RunTime:0.002000s ]
SQL: SHOW COLUMNS FROM `php41_category` [ RunTime:0.0050s ]
SQL: SELECT * FROM `php41_category` WHERE `cat_level` = 0  [ RunTime:0.0000s ]
SQL: SELECT * FROM `php41_category` WHERE `cat_level` = 1  [ RunTime:0.0000s ]
SQL: SELECT * FROM `php41_category` WHERE `cat_level` = 2  [ RunTime:0.0010s ]

[ 2017-04-19T11:03:43+08:00 ] 127.0.0.1 /index.php/Home/Comment/sendComment.html
INFO: [ app_begin ] --START--
INFO: Run Behavior\ReadHtmlCacheBehavior [ RunTime:0.001000s ]
INFO: [ app_begin ] --END-- [ RunTime:0.001000s ]
SQL: SHOW COLUMNS FROM `php41_category` [ RunTime:0.0050s ]
SQL: SELECT * FROM `php41_category` WHERE `cat_level` = 0  [ RunTime:0.0010s ]
SQL: SELECT * FROM `php41_category` WHERE `cat_level` = 1  [ RunTime:0.0000s ]
SQL: SELECT * FROM `php41_category` WHERE `cat_level` = 2  [ RunTime:0.0010s ]

[ 2017-04-19T11:03:45+08:00 ] 127.0.0.1 /index.php/Home/Comment/sendComment.html
INFO: [ app_begin ] --START--
INFO: Run Behavior\ReadHtmlCacheBehavior [ RunTime:0.001000s ]
INFO: [ app_begin ] --END-- [ RunTime:0.001000s ]
SQL: SHOW COLUMNS FROM `php41_category` [ RunTime:0.0050s ]
SQL: SELECT * FROM `php41_category` WHERE `cat_level` = 0  [ RunTime:0.0010s ]
SQL: SELECT * FROM `php41_category` WHERE `cat_level` = 1  [ RunTime:0.0020s ]
SQL: SELECT * FROM `php41_category` WHERE `cat_level` = 2  [ RunTime:0.0000s ]

[ 2017-04-19T11:03:46+08:00 ] 127.0.0.1 /index.php/Home/Comment/sendComment.html
INFO: [ app_begin ] --START--
INFO: Run Behavior\ReadHtmlCacheBehavior [ RunTime:0.001000s ]
INFO: [ app_begin ] --END-- [ RunTime:0.001000s ]
SQL: SHOW COLUMNS FROM `php41_category` [ RunTime:0.0050s ]
SQL: SELECT * FROM `php41_category` WHERE `cat_level` = 0  [ RunTime:0.0000s ]
SQL: SELECT * FROM `php41_category` WHERE `cat_level` = 1  [ RunTime:0.0000s ]
SQL: SELECT * FROM `php41_category` WHERE `cat_level` = 2  [ RunTime:0.0000s ]

[ 2017-04-19T11:03:47+08:00 ] 127.0.0.1 /index.php/Home/Comment/sendComment.html
INFO: [ app_begin ] --START--
INFO: Run Behavior\ReadHtmlCacheBehavior [ RunTime:0.001000s ]
INFO: [ app_begin ] --END-- [ RunTime:0.002000s ]
SQL: SHOW COLUMNS FROM `php41_category` [ RunTime:0.0050s ]
SQL: SELECT * FROM `php41_category` WHERE `cat_level` = 0  [ RunTime:0.0010s ]
SQL: SELECT * FROM `php41_category` WHERE `cat_level` = 1  [ RunTime:0.0000s ]
SQL: SELECT * FROM `php41_category` WHERE `cat_level` = 2  [ RunTime:0.0000s ]

[ 2017-04-19T11:03:48+08:00 ] 127.0.0.1 /index.php/Home/Comment/sendComment.html
INFO: [ app_begin ] --START--
INFO: Run Behavior\ReadHtmlCacheBehavior [ RunTime:0.000000s ]
INFO: [ app_begin ] --END-- [ RunTime:0.001000s ]
SQL: SHOW COLUMNS FROM `php41_category` [ RunTime:0.0030s ]
SQL: SELECT * FROM `php41_category` WHERE `cat_level` = 0  [ RunTime:0.0000s ]
SQL: SELECT * FROM `php41_category` WHERE `cat_level` = 1  [ RunTime:0.0010s ]
SQL: SELECT * FROM `php41_category` WHERE `cat_level` = 2  [ RunTime:0.0000s ]

[ 2017-04-19T11:03:49+08:00 ] 127.0.0.1 /index.php/Home/Comment/sendComment.html
INFO: [ app_begin ] --START--
INFO: Run Behavior\ReadHtmlCacheBehavior [ RunTime:0.000000s ]
INFO: [ app_begin ] --END-- [ RunTime:0.001000s ]
SQL: SHOW COLUMNS FROM `php41_category` [ RunTime:0.0050s ]
SQL: SELECT * FROM `php41_category` WHERE `cat_level` = 0  [ RunTime:0.0010s ]
SQL: SELECT * FROM `php41_category` WHERE `cat_level` = 1  [ RunTime:0.0010s ]
SQL: SELECT * FROM `php41_category` WHERE `cat_level` = 2  [ RunTime:0.0010s ]

[ 2017-04-19T11:03:50+08:00 ] 127.0.0.1 /index.php/Home/Comment/sendComment.html
INFO: [ app_begin ] --START--
INFO: Run Behavior\ReadHtmlCacheBehavior [ RunTime:0.000000s ]
INFO: [ app_begin ] --END-- [ RunTime:0.002001s ]
SQL: SHOW COLUMNS FROM `php41_category` [ RunTime:0.0040s ]
SQL: SELECT * FROM `php41_category` WHERE `cat_level` = 0  [ RunTime:0.0010s ]
SQL: SELECT * FROM `php41_category` WHERE `cat_level` = 1  [ RunTime:0.0000s ]
SQL: SELECT * FROM `php41_category` WHERE `cat_level` = 2  [ RunTime:0.0000s ]

[ 2017-04-19T11:03:51+08:00 ] 127.0.0.1 /index.php/Home/Comment/sendComment.html
INFO: [ app_begin ] --START--
INFO: Run Behavior\ReadHtmlCacheBehavior [ RunTime:0.001000s ]
INFO: [ app_begin ] --END-- [ RunTime:0.001000s ]
SQL: SHOW COLUMNS FROM `php41_category` [ RunTime:0.0040s ]
SQL: SELECT * FROM `php41_category` WHERE `cat_level` = 0  [ RunTime:0.0010s ]
SQL: SELECT * FROM `php41_category` WHERE `cat_level` = 1  [ RunTime:0.0010s ]
SQL: SELECT * FROM `php41_category` WHERE `cat_level` = 2  [ RunTime:0.0000s ]

[ 2017-04-19T11:03:52+08:00 ] 127.0.0.1 /index.php/Home/Comment/sendComment.html
INFO: [ app_begin ] --START--
INFO: Run Behavior\ReadHtmlCacheBehavior [ RunTime:0.001000s ]
INFO: [ app_begin ] --END-- [ RunTime:0.001000s ]
SQL: SHOW COLUMNS FROM `php41_category` [ RunTime:0.0050s ]
SQL: SELECT * FROM `php41_category` WHERE `cat_level` = 0  [ RunTime:0.0000s ]
SQL: SELECT * FROM `php41_category` WHERE `cat_level` = 1  [ RunTime:0.0010s ]
SQL: SELECT * FROM `php41_category` WHERE `cat_level` = 2  [ RunTime:0.0000s ]

[ 2017-04-19T11:03:53+08:00 ] 127.0.0.1 /index.php/Home/Comment/sendComment.html
INFO: [ app_begin ] --START--
INFO: Run Behavior\ReadHtmlCacheBehavior [ RunTime:0.000000s ]
INFO: [ app_begin ] --END-- [ RunTime:0.001000s ]
SQL: SHOW COLUMNS FROM `php41_category` [ RunTime:0.0050s ]
SQL: SELECT * FROM `php41_category` WHERE `cat_level` = 0  [ RunTime:0.0010s ]
SQL: SELECT * FROM `php41_category` WHERE `cat_level` = 1  [ RunTime:0.0000s ]
SQL: SELECT * FROM `php41_category` WHERE `cat_level` = 2  [ RunTime:0.0000s ]

[ 2017-04-19T11:04:06+08:00 ] 127.0.0.1 /index.php/Home/Comment/sendComment.html
INFO: [ app_begin ] --START--
INFO: Run Behavior\ReadHtmlCacheBehavior [ RunTime:0.000000s ]
INFO: [ app_begin ] --END-- [ RunTime:0.001000s ]
SQL: SHOW COLUMNS FROM `php41_category` [ RunTime:0.0060s ]
SQL: SELECT * FROM `php41_category` WHERE `cat_level` = 0  [ RunTime:0.0010s ]
SQL: SELECT * FROM `php41_category` WHERE `cat_level` = 1  [ RunTime:0.0010s ]
SQL: SELECT * FROM `php41_category` WHERE `cat_level` = 2  [ RunTime:0.0010s ]

[ 2017-04-19T11:54:26+08:00 ] 127.0.0.1 /index.php/Home/Comment/sendComment.html
INFO: [ app_begin ] --START--
INFO: Run Behavior\ReadHtmlCacheBehavior [ RunTime:0.001001s ]
INFO: [ app_begin ] --END-- [ RunTime:0.001001s ]
SQL: SHOW COLUMNS FROM `php41_category` [ RunTime:0.0050s ]
SQL: SELECT * FROM `php41_category` WHERE `cat_level` = 0  [ RunTime:0.0010s ]
SQL: SELECT * FROM `php41_category` WHERE `cat_level` = 1  [ RunTime:0.0000s ]
SQL: SELECT * FROM `php41_category` WHERE `cat_level` = 2  [ RunTime:0.0000s ]

[ 2017-04-19T11:54:39+08:00 ] 127.0.0.1 /index.php/Home/Comment/sendComment.html
INFO: [ app_begin ] --START--
INFO: Run Behavior\ReadHtmlCacheBehavior [ RunTime:0.001000s ]
INFO: [ app_begin ] --END-- [ RunTime:0.001000s ]
SQL: SHOW COLUMNS FROM `php41_category` [ RunTime:0.0040s ]
SQL: SELECT * FROM `php41_category` WHERE `cat_level` = 0  [ RunTime:0.0000s ]
SQL: SELECT * FROM `php41_category` WHERE `cat_level` = 1  [ RunTime:0.0010s ]
SQL: SELECT * FROM `php41_category` WHERE `cat_level` = 2  [ RunTime:0.0010s ]

[ 2017-04-19T11:54:41+08:00 ] 127.0.0.1 /index.php/Home/Comment/sendComment.html
INFO: [ app_begin ] --START--
INFO: Run Behavior\ReadHtmlCacheBehavior [ RunTime:0.000000s ]
INFO: [ app_begin ] --END-- [ RunTime:0.000000s ]
SQL: SHOW COLUMNS FROM `php41_category` [ RunTime:0.0040s ]
SQL: SELECT * FROM `php41_category` WHERE `cat_level` = 0  [ RunTime:0.0010s ]
SQL: SELECT * FROM `php41_category` WHERE `cat_level` = 1  [ RunTime:0.0000s ]
SQL: SELECT * FROM `php41_category` WHERE `cat_level` = 2  [ RunTime:0.0000s ]

[ 2017-04-19T11:57:22+08:00 ] 127.0.0.1 /index.php/Home/Shop/addCart.html?goods_id=57
INFO: [ app_begin ] --START--
INFO: Run Behavior\ReadHtmlCacheBehavior [ RunTime:0.001000s ]
INFO: [ app_begin ] --END-- [ RunTime:0.002000s ]
SQL: SHOW COLUMNS FROM `php41_goods` [ RunTime:0.0060s ]
SQL: SELECT `goods_name`,`goods_shop_price` FROM `php41_goods` WHERE `goods_id` = 57 LIMIT 1   [ RunTime:0.0010s ]
INFO: [ app_end ] --START--
INFO: Run Behavior\ShowPageTraceBehavior [ RunTime:0.001000s ]
INFO: [ app_end ] --END-- [ RunTime:0.001000s ]

[ 2017-04-19T12:04:21+08:00 ] 127.0.0.1 /index.php/Home/Comment/sendComment.html
INFO: [ app_begin ] --START--
INFO: Run Behavior\ReadHtmlCacheBehavior [ RunTime:0.001000s ]
INFO: [ app_begin ] --END-- [ RunTime:0.003000s ]
SQL: SHOW COLUMNS FROM `php41_category` [ RunTime:0.0040s ]
SQL: SELECT * FROM `php41_category` WHERE `cat_level` = 0  [ RunTime:0.0010s ]
SQL: SELECT * FROM `php41_category` WHERE `cat_level` = 1  [ RunTime:0.0000s ]
SQL: SELECT * FROM `php41_category` WHERE `cat_level` = 2  [ RunTime:0.0010s ]

[ 2017-04-19T12:04:24+08:00 ] 127.0.0.1 /index.php/Home/Comment/sendComment.html
INFO: [ app_begin ] --START--
INFO: Run Behavior\ReadHtmlCacheBehavior [ RunTime:0.001000s ]
INFO: [ app_begin ] --END-- [ RunTime:0.001000s ]
SQL: SHOW COLUMNS FROM `php41_category` [ RunTime:0.0040s ]
SQL: SELECT * FROM `php41_category` WHERE `cat_level` = 0  [ RunTime:0.0000s ]
SQL: SELECT * FROM `php41_category` WHERE `cat_level` = 1  [ RunTime:0.0010s ]
SQL: SELECT * FROM `php41_category` WHERE `cat_level` = 2  [ RunTime:0.0010s ]

